[01m[K/home/robohan/Gakurobo2025/ndt_cpp_ros2/src/ndt_cpp_ros2.cpp:[m[K In function â€˜[01m[Kvoid[01;32m[K ndt_scan_matching[m[K(mat3x3&, const std::vector<point2>&, std::vector<ndtpoint2>&)[m[Kâ€™:
[01m[K/home/robohan/Gakurobo2025/ndt_cpp_ros2/src/ndt_cpp_ros2.cpp:361:45:[m[K [01;35m[Kwarning: [m[Kcomparison of integer expressions of different signedness: â€˜[01m[Kint[m[Kâ€™ and â€˜[01m[Kconst size_t[m[Kâ€™ {aka â€˜[01m[Kconst long unsigned int[m[Kâ€™} [[01;35m[K]8;;https://gcc.gnu.org/onlinedocs/gcc/Warning-Options.html#index-Wsign-compare-Wsign-compare]8;;[m[K]
  361 |         for(auto point_iter = 0; [01;35m[Kpoint_iter < source_points_size[m[K; point_iter += 10){
      |                                  [01;35m[K~~~~~~~~~~~^~~~~~~~~~~~~~~~~~~~[m[K
[01m[K/home/robohan/Gakurobo2025/ndt_cpp_ros2/src/ndt_cpp_ros2.cpp:346:18:[m[K [01;35m[Kwarning: [m[Kunused variable â€˜[01m[Ktarget_points_size[m[Kâ€™ [[01;35m[K]8;;https://gcc.gnu.org/onlinedocs/gcc/Warning-Options.html#index-Wunused-variable-Wunused-variable]8;;[m[K]
  346 |     const size_t [01;35m[Ktarget_points_size[m[K = target_points.size();
      |                  [01;35m[K^~~~~~~~~~~~~~~~~~[m[K
[01m[K/home/robohan/Gakurobo2025/ndt_cpp_ros2/src/ndt_cpp_ros2.cpp:[m[K At global scope:
[01m[K/home/robohan/Gakurobo2025/ndt_cpp_ros2/src/ndt_cpp_ros2.cpp:465:22:[m[K [01;31m[Kerror: [m[Kâ€˜[01m[Kstd::make_unique[m[Kâ€™ in namespace â€˜[01m[Kstd[m[Kâ€™ does not name a template type
  465 |                 std::[01;31m[Kmake_unique<tf2_ros::Buffer>[m[K tfBuffer_;
      |                      [01;31m[K^~~~~~~~~~~~~~~~~~~~~~~~~~~~[m[K
[01m[K/home/robohan/Gakurobo2025/ndt_cpp_ros2/src/ndt_cpp_ros2.cpp:[m[K In constructor â€˜[01m[Kndt_cpp_ros2::[01;32m[Kndt_cpp_ros2[m[K()[m[Kâ€™:
[01m[K/home/robohan/Gakurobo2025/ndt_cpp_ros2/src/ndt_cpp_ros2.cpp:446:33:[m[K [01;31m[Kerror: [m[Kâ€˜[01m[KtfBuffer_[m[Kâ€™ was not declared in this scope
  446 |                                 [01;31m[KtfBuffer_[m[K = std::make_unique<tf2_ros::Buffer>(this->get_clock());
      |                                 [01;31m[K^~~~~~~~~[m[K
[01m[K/home/robohan/Gakurobo2025/ndt_cpp_ros2/src/ndt_cpp_ros2.cpp:[m[K In member function â€˜[01m[Kvoid ndt_cpp_ros2::[01;32m[Ktimer_callback[m[K()[m[Kâ€™:
[01m[K/home/robohan/Gakurobo2025/ndt_cpp_ros2/src/ndt_cpp_ros2.cpp:484:53:[m[K [01;31m[Kerror: [m[Kâ€˜[01m[Ktf_buffer_[m[Kâ€™ was not declared in this scope
  484 |                                         mapToBase = [01;31m[Ktf_buffer_[m[K->lookupTransform(
      |                                                     [01;31m[K^~~~~~~~~~[m[K
In file included from [01m[K/opt/ros/jazzy/include/rclcpp/rclcpp/logging.hpp:24[m[K,
                 from [01m[K/opt/ros/jazzy/include/rclcpp/rclcpp/copy_all_parameter_values.hpp:27[m[K,
                 from [01m[K/opt/ros/jazzy/include/rclcpp/rclcpp/rclcpp.hpp:171[m[K,
                 from [01m[K/home/robohan/Gakurobo2025/ndt_cpp_ros2/src/ndt_cpp_ros2.cpp:23[m[K:
[01m[K/home/robohan/Gakurobo2025/ndt_cpp_ros2/src/ndt_cpp_ros2.cpp:490:49:[m[K [01;31m[Kerror: [m[Kâ€˜[01m[KtoFrameRel[m[Kâ€™ was not declared in this scope; did you mean â€˜[01m[KodomFrameRel[m[Kâ€™?
  490 |                                                 [01;31m[KtoFrameRel[m[K.c_str(), fromFrameRel.c_str(), ex.what());
      |                                                 [01;31m[K^~~~~~~~~~[m[K
[01m[K/home/robohan/Gakurobo2025/ndt_cpp_ros2/src/ndt_cpp_ros2.cpp:490:69:[m[K [01;31m[Kerror: [m[Kâ€˜[01m[KfromFrameRel[m[Kâ€™ was not declared in this scope; did you mean â€˜[01m[KodomFrameRel[m[Kâ€™?
  490 |                                                 toFrameRel.c_str(), [01;31m[KfromFrameRel[m[K.c_str(), ex.what());
      |                                                                     [01;31m[K^~~~~~~~~~~~[m[K
[01m[K/home/robohan/Gakurobo2025/ndt_cpp_ros2/src/ndt_cpp_ros2.cpp:495:52:[m[K [01;31m[Kerror: [m[Kâ€˜[01m[Kt[m[Kâ€™ was not declared in this scope; did you mean â€˜[01m[Ktm[m[Kâ€™?
  495 |         auto trans_mat1 = makeTransformationMatrix([01;31m[Kt[m[K.transform.translation.x, t.transform.translation.y, t.transform.rotation.z);
      |                                                    [01;31m[K^[m[K
      |                                                    [32m[Ktm[m[K
[01m[K/home/robohan/Gakurobo2025/ndt_cpp_ros2/src/ndt_cpp_ros2.cpp:516:54:[m[K [01;31m[Kerror: [m[Kâ€˜[01m[Ktf_buffer_[m[Kâ€™ was not declared in this scope
  516 |                                         odomToBase = [01;31m[Ktf_buffer_[m[K->lookupTransform(
      |                                                      [01;31m[K^~~~~~~~~~[m[K
[01m[K/home/robohan/Gakurobo2025/ndt_cpp_ros2/src/ndt_cpp_ros2.cpp:522:49:[m[K [01;31m[Kerror: [m[Kâ€˜[01m[KtoFrameRel[m[Kâ€™ was not declared in this scope; did you mean â€˜[01m[KodomFrameRel[m[Kâ€™?
  522 |                                                 [01;31m[KtoFrameRel[m[K.c_str(), fromFrameRel.c_str(), ex.what());
      |                                                 [01;31m[K^~~~~~~~~~[m[K
[01m[K/home/robohan/Gakurobo2025/ndt_cpp_ros2/src/ndt_cpp_ros2.cpp:522:69:[m[K [01;31m[Kerror: [m[Kâ€˜[01m[KfromFrameRel[m[Kâ€™ was not declared in this scope; did you mean â€˜[01m[KodomFrameRel[m[Kâ€™?
  522 |                                                 toFrameRel.c_str(), [01;31m[KfromFrameRel[m[K.c_str(), ex.what());
      |                                                                     [01;31m[K^~~~~~~~~~~~[m[K
gmake[2]: *** [CMakeFiles/ndt_cpp_ros2.dir/build.make:76: CMakeFiles/ndt_cpp_ros2.dir/src/ndt_cpp_ros2.cpp.o] Error 1
gmake[1]: *** [CMakeFiles/Makefile2:137: CMakeFiles/ndt_cpp_ros2.dir/all] Error 2
gmake: *** [Makefile:146: all] Error 2
