-- The C compiler identification is GNU 13.3.0
-- The CXX compiler identification is GNU 13.3.0
-- Detecting C compiler ABI info
-- Detecting C compiler ABI info - done
-- Check for working C compiler: /usr/bin/cc - skipped
-- Detecting C compile features
-- Detecting C compile features - done
-- Detecting CXX compiler ABI info
-- Detecting CXX compiler ABI info - done
-- Check for working CXX compiler: /usr/bin/c++ - skipped
-- Detecting CXX compile features
-- Detecting CXX compile features - done
-- Found ament_cmake: 2.5.3 (/opt/ros/jazzy/share/ament_cmake/cmake)
-- Found Python3: /usr/bin/python3 (found version "3.12.3") found components: Interpreter
-- Override CMake install command with custom implementation using symlinks instead of copying resources
-- Found rclcpp: 28.1.6 (/opt/ros/jazzy/share/rclcpp/cmake)
-- Found rosidl_generator_c: 4.6.5 (/opt/ros/jazzy/share/rosidl_generator_c/cmake)
-- Found rosidl_generator_cpp: 4.6.5 (/opt/ros/jazzy/share/rosidl_generator_cpp/cmake)
-- Using all available rosidl_typesupport_c: rosidl_typesupport_fastrtps_c;rosidl_typesupport_introspection_c
-- Using all available rosidl_typesupport_cpp: rosidl_typesupport_fastrtps_cpp;rosidl_typesupport_introspection_cpp
-- Found rmw_implementation_cmake: 7.3.1 (/opt/ros/jazzy/share/rmw_implementation_cmake/cmake)
-- Found rmw_fastrtps_cpp: 8.4.1 (/opt/ros/jazzy/share/rmw_fastrtps_cpp/cmake)
-- Found OpenSSL: /usr/lib/x86_64-linux-gnu/libcrypto.so (found version "3.0.13")
-- Found FastRTPS: /opt/ros/jazzy/include (Required is at least version "2.13")
-- Using RMW implementation 'rmw_fastrtps_cpp' as default
-- Found sensor_msgs: 5.3.5 (/opt/ros/jazzy/share/sensor_msgs/cmake)
-- Found nav_msgs: 5.3.5 (/opt/ros/jazzy/share/nav_msgs/cmake)
-- Found tf2: 0.36.8 (/opt/ros/jazzy/share/tf2/cmake)
-- Found tf2_ros: 0.36.8 (/opt/ros/jazzy/share/tf2_ros/cmake)
-- Found tf2_geometry_msgs: 0.36.8 (/opt/ros/jazzy/share/tf2_geometry_msgs/cmake)
-- Found eigen3_cmake_module: 0.3.0 (/opt/ros/jazzy/share/eigen3_cmake_module/cmake)
-- Found Eigen3: TRUE (found version "3.4.0")
-- Ensuring Eigen3 include directory is part of orocos-kdl CMake target
-- Found ament_lint_auto: 0.17.1 (/opt/ros/jazzy/share/ament_lint_auto/cmake)
-- Configuring done (1.2s)
-- Generating done (0.0s)
-- Build files have been written to: /home/robohan/Gakurobo2025/ndt_cpp_ros2/build/ndt_cpp_ros2
[ 50%] [32mBuilding CXX object CMakeFiles/ndt_cpp_ros2.dir/src/ndt_cpp_ros2.cpp.o[0m
[01m[K/home/robohan/Gakurobo2025/ndt_cpp_ros2/src/ndt_cpp_ros2.cpp:[m[K In function â€˜[01m[Kvoid[01;32m[K ndt_scan_matching[m[K(mat3x3&, const std::vector<point2>&, std::vector<ndtpoint2>&)[m[Kâ€™:
[01m[K/home/robohan/Gakurobo2025/ndt_cpp_ros2/src/ndt_cpp_ros2.cpp:361:45:[m[K [01;35m[Kwarning: [m[Kcomparison of integer expressions of different signedness: â€˜[01m[Kint[m[Kâ€™ and â€˜[01m[Kconst size_t[m[Kâ€™ {aka â€˜[01m[Kconst long unsigned int[m[Kâ€™} [[01;35m[K]8;;https://gcc.gnu.org/onlinedocs/gcc/Warning-Options.html#index-Wsign-compare-Wsign-compare]8;;[m[K]
  361 |         for(auto point_iter = 0; [01;35m[Kpoint_iter < source_points_size[m[K; point_iter += 10){
      |                                  [01;35m[K~~~~~~~~~~~^~~~~~~~~~~~~~~~~~~~[m[K
[01m[K/home/robohan/Gakurobo2025/ndt_cpp_ros2/src/ndt_cpp_ros2.cpp:346:18:[m[K [01;35m[Kwarning: [m[Kunused variable â€˜[01m[Ktarget_points_size[m[Kâ€™ [[01;35m[K]8;;https://gcc.gnu.org/onlinedocs/gcc/Warning-Options.html#index-Wunused-variable-Wunused-variable]8;;[m[K]
  346 |     const size_t [01;35m[Ktarget_points_size[m[K = target_points.size();
      |                  [01;35m[K^~~~~~~~~~~~~~~~~~[m[K
[01m[K/home/robohan/Gakurobo2025/ndt_cpp_ros2/src/ndt_cpp_ros2.cpp:[m[K At global scope:
[01m[K/home/robohan/Gakurobo2025/ndt_cpp_ros2/src/ndt_cpp_ros2.cpp:465:22:[m[K [01;31m[Kerror: [m[Kâ€˜[01m[Kstd::make_unique[m[Kâ€™ in namespace â€˜[01m[Kstd[m[Kâ€™ does not name a template type
  465 |                 std::[01;31m[Kmake_unique<tf2_ros::Buffer>[m[K tfBuffer_;
      |                      [01;31m[K^~~~~~~~~~~~~~~~~~~~~~~~~~~~[m[K
[01m[K/home/robohan/Gakurobo2025/ndt_cpp_ros2/src/ndt_cpp_ros2.cpp:[m[K In constructor â€˜[01m[Kndt_cpp_ros2::[01;32m[Kndt_cpp_ros2[m[K()[m[Kâ€™:
[01m[K/home/robohan/Gakurobo2025/ndt_cpp_ros2/src/ndt_cpp_ros2.cpp:446:33:[m[K [01;31m[Kerror: [m[Kâ€˜[01m[KtfBuffer_[m[Kâ€™ was not declared in this scope
  446 |                                 [01;31m[KtfBuffer_[m[K = std::make_unique<tf2_ros::Buffer>(this->get_clock());
      |                                 [01;31m[K^~~~~~~~~[m[K
[01m[K/home/robohan/Gakurobo2025/ndt_cpp_ros2/src/ndt_cpp_ros2.cpp:[m[K In member function â€˜[01m[Kvoid ndt_cpp_ros2::[01;32m[Ktimer_callback[m[K()[m[Kâ€™:
[01m[K/home/robohan/Gakurobo2025/ndt_cpp_ros2/src/ndt_cpp_ros2.cpp:484:53:[m[K [01;31m[Kerror: [m[Kâ€˜[01m[Ktf_buffer_[m[Kâ€™ was not declared in this scope
  484 |                                         mapToBase = [01;31m[Ktf_buffer_[m[K->lookupTransform(
      |                                                     [01;31m[K^~~~~~~~~~[m[K
In file included from [01m[K/opt/ros/jazzy/include/rclcpp/rclcpp/logging.hpp:24[m[K,
                 from [01m[K/opt/ros/jazzy/include/rclcpp/rclcpp/copy_all_parameter_values.hpp:27[m[K,
                 from [01m[K/opt/ros/jazzy/include/rclcpp/rclcpp/rclcpp.hpp:171[m[K,
                 from [01m[K/home/robohan/Gakurobo2025/ndt_cpp_ros2/src/ndt_cpp_ros2.cpp:23[m[K:
[01m[K/home/robohan/Gakurobo2025/ndt_cpp_ros2/src/ndt_cpp_ros2.cpp:490:49:[m[K [01;31m[Kerror: [m[Kâ€˜[01m[KtoFrameRel[m[Kâ€™ was not declared in this scope; did you mean â€˜[01m[KodomFrameRel[m[Kâ€™?
  490 |                                                 [01;31m[KtoFrameRel[m[K.c_str(), fromFrameRel.c_str(), ex.what());
      |                                                 [01;31m[K^~~~~~~~~~[m[K
[01m[K/home/robohan/Gakurobo2025/ndt_cpp_ros2/src/ndt_cpp_ros2.cpp:490:69:[m[K [01;31m[Kerror: [m[Kâ€˜[01m[KfromFrameRel[m[Kâ€™ was not declared in this scope; did you mean â€˜[01m[KodomFrameRel[m[Kâ€™?
  490 |                                                 toFrameRel.c_str(), [01;31m[KfromFrameRel[m[K.c_str(), ex.what());
      |                                                                     [01;31m[K^~~~~~~~~~~~[m[K
[01m[K/home/robohan/Gakurobo2025/ndt_cpp_ros2/src/ndt_cpp_ros2.cpp:495:52:[m[K [01;31m[Kerror: [m[Kâ€˜[01m[Kt[m[Kâ€™ was not declared in this scope; did you mean â€˜[01m[Ktm[m[Kâ€™?
  495 |         auto trans_mat1 = makeTransformationMatrix([01;31m[Kt[m[K.transform.translation.x, t.transform.translation.y, t.transform.rotation.z);
      |                                                    [01;31m[K^[m[K
      |                                                    [32m[Ktm[m[K
[01m[K/home/robohan/Gakurobo2025/ndt_cpp_ros2/src/ndt_cpp_ros2.cpp:516:54:[m[K [01;31m[Kerror: [m[Kâ€˜[01m[Ktf_buffer_[m[Kâ€™ was not declared in this scope
  516 |                                         odomToBase = [01;31m[Ktf_buffer_[m[K->lookupTransform(
      |                                                      [01;31m[K^~~~~~~~~~[m[K
[01m[K/home/robohan/Gakurobo2025/ndt_cpp_ros2/src/ndt_cpp_ros2.cpp:522:49:[m[K [01;31m[Kerror: [m[Kâ€˜[01m[KtoFrameRel[m[Kâ€™ was not declared in this scope; did you mean â€˜[01m[KodomFrameRel[m[Kâ€™?
  522 |                                                 [01;31m[KtoFrameRel[m[K.c_str(), fromFrameRel.c_str(), ex.what());
      |                                                 [01;31m[K^~~~~~~~~~[m[K
[01m[K/home/robohan/Gakurobo2025/ndt_cpp_ros2/src/ndt_cpp_ros2.cpp:522:69:[m[K [01;31m[Kerror: [m[Kâ€˜[01m[KfromFrameRel[m[Kâ€™ was not declared in this scope; did you mean â€˜[01m[KodomFrameRel[m[Kâ€™?
  522 |                                                 toFrameRel.c_str(), [01;31m[KfromFrameRel[m[K.c_str(), ex.what());
      |                                                                     [01;31m[K^~~~~~~~~~~~[m[K
gmake[2]: *** [CMakeFiles/ndt_cpp_ros2.dir/build.make:76: CMakeFiles/ndt_cpp_ros2.dir/src/ndt_cpp_ros2.cpp.o] Error 1
gmake[1]: *** [CMakeFiles/Makefile2:137: CMakeFiles/ndt_cpp_ros2.dir/all] Error 2
gmake: *** [Makefile:146: all] Error 2
