[0.010s] Invoking command in '/home/robohan/Gakurobo2025/ndt_cpp_ros2/build/ndt_cpp_ros2': CMAKE_PREFIX_PATH=${CMAKE_PREFIX_PATH}:/opt/ros/jazzy DEBUGINFOD_URLS=https://debuginfod.ubuntu.com /home/robohan/.local/bin/cmake /home/robohan/Gakurobo2025/ndt_cpp_ros2 -DAMENT_CMAKE_SYMLINK_INSTALL=1 -DCMAKE_INSTALL_PREFIX=/home/robohan/Gakurobo2025/ndt_cpp_ros2/install/ndt_cpp_ros2
[0.231s] -- The C compiler identification is GNU 13.3.0
[0.347s] -- The CXX compiler identification is GNU 13.3.0
[0.362s] -- Detecting C compiler ABI info
[0.444s] -- Detecting C compiler ABI info - done
[0.460s] -- Check for working C compiler: /usr/bin/cc - skipped
[0.460s] -- Detecting C compile features
[0.461s] -- Detecting C compile features - done
[0.464s] -- Detecting CXX compiler ABI info
[0.525s] -- Detecting CXX compiler ABI info - done
[0.537s] -- Check for working CXX compiler: /usr/bin/c++ - skipped
[0.537s] -- Detecting CXX compile features
[0.538s] -- Detecting CXX compile features - done
[0.542s] -- Found ament_cmake: 2.5.3 (/opt/ros/jazzy/share/ament_cmake/cmake)
[0.659s] -- Found Python3: /usr/bin/python3 (found version "3.12.3") found components: Interpreter
[0.734s] -- Override CMake install command with custom implementation using symlinks instead of copying resources
[0.773s] -- Found rclcpp: 28.1.6 (/opt/ros/jazzy/share/rclcpp/cmake)
[0.815s] -- Found rosidl_generator_c: 4.6.5 (/opt/ros/jazzy/share/rosidl_generator_c/cmake)
[0.825s] -- Found rosidl_generator_cpp: 4.6.5 (/opt/ros/jazzy/share/rosidl_generator_cpp/cmake)
[0.839s] -- Using all available rosidl_typesupport_c: rosidl_typesupport_fastrtps_c;rosidl_typesupport_introspection_c
[0.854s] -- Using all available rosidl_typesupport_cpp: rosidl_typesupport_fastrtps_cpp;rosidl_typesupport_introspection_cpp
[0.919s] -- Found rmw_implementation_cmake: 7.3.1 (/opt/ros/jazzy/share/rmw_implementation_cmake/cmake)
[0.921s] -- Found rmw_fastrtps_cpp: 8.4.1 (/opt/ros/jazzy/share/rmw_fastrtps_cpp/cmake)
[0.988s] -- Found OpenSSL: /usr/lib/x86_64-linux-gnu/libcrypto.so (found version "3.0.13")
[1.006s] -- Found FastRTPS: /opt/ros/jazzy/include (Required is at least version "2.13")
[1.024s] -- Using RMW implementation 'rmw_fastrtps_cpp' as default
[1.092s] -- Found sensor_msgs: 5.3.5 (/opt/ros/jazzy/share/sensor_msgs/cmake)
[1.147s] -- Found nav_msgs: 5.3.5 (/opt/ros/jazzy/share/nav_msgs/cmake)
[1.171s] -- Found tf2: 0.36.8 (/opt/ros/jazzy/share/tf2/cmake)
[1.175s] -- Found tf2_ros: 0.36.8 (/opt/ros/jazzy/share/tf2_ros/cmake)
[1.284s] -- Found tf2_geometry_msgs: 0.36.8 (/opt/ros/jazzy/share/tf2_geometry_msgs/cmake)
[1.296s] -- Found eigen3_cmake_module: 0.3.0 (/opt/ros/jazzy/share/eigen3_cmake_module/cmake)
[1.298s] -- Found Eigen3: TRUE (found version "3.4.0")
[1.298s] -- Ensuring Eigen3 include directory is part of orocos-kdl CMake target
[1.302s] -- Found ament_lint_auto: 0.17.1 (/opt/ros/jazzy/share/ament_lint_auto/cmake)
[1.375s] -- Configuring done (1.2s)
[1.385s] -- Generating done (0.0s)
[1.387s] -- Build files have been written to: /home/robohan/Gakurobo2025/ndt_cpp_ros2/build/ndt_cpp_ros2
[1.408s] Invoked command in '/home/robohan/Gakurobo2025/ndt_cpp_ros2/build/ndt_cpp_ros2' returned '0': CMAKE_PREFIX_PATH=${CMAKE_PREFIX_PATH}:/opt/ros/jazzy DEBUGINFOD_URLS=https://debuginfod.ubuntu.com /home/robohan/.local/bin/cmake /home/robohan/Gakurobo2025/ndt_cpp_ros2 -DAMENT_CMAKE_SYMLINK_INSTALL=1 -DCMAKE_INSTALL_PREFIX=/home/robohan/Gakurobo2025/ndt_cpp_ros2/install/ndt_cpp_ros2
[1.409s] Invoking command in '/home/robohan/Gakurobo2025/ndt_cpp_ros2/build/ndt_cpp_ros2': CMAKE_PREFIX_PATH=${CMAKE_PREFIX_PATH}:/opt/ros/jazzy DEBUGINFOD_URLS=https://debuginfod.ubuntu.com /home/robohan/.local/bin/cmake --build /home/robohan/Gakurobo2025/ndt_cpp_ros2/build/ndt_cpp_ros2 -- -j12 -l12
[1.503s] [ 50%] [32mBuilding CXX object CMakeFiles/ndt_cpp_ros2.dir/src/ndt_cpp_ros2.cpp.o[0m
[2.930s] [01m[K/home/robohan/Gakurobo2025/ndt_cpp_ros2/src/ndt_cpp_ros2.cpp:[m[K In function â€˜[01m[Kvoid[01;32m[K ndt_scan_matching[m[K(mat3x3&, const std::vector<point2>&, std::vector<ndtpoint2>&)[m[Kâ€™:
[2.930s] [01m[K/home/robohan/Gakurobo2025/ndt_cpp_ros2/src/ndt_cpp_ros2.cpp:361:45:[m[K [01;35m[Kwarning: [m[Kcomparison of integer expressions of different signedness: â€˜[01m[Kint[m[Kâ€™ and â€˜[01m[Kconst size_t[m[Kâ€™ {aka â€˜[01m[Kconst long unsigned int[m[Kâ€™} [[01;35m[K]8;;https://gcc.gnu.org/onlinedocs/gcc/Warning-Options.html#index-Wsign-compare-Wsign-compare]8;;[m[K]
[2.930s]   361 |         for(auto point_iter = 0; [01;35m[Kpoint_iter < source_points_size[m[K; point_iter += 10){
[2.930s]       |                                  [01;35m[K~~~~~~~~~~~^~~~~~~~~~~~~~~~~~~~[m[K
[2.931s] [01m[K/home/robohan/Gakurobo2025/ndt_cpp_ros2/src/ndt_cpp_ros2.cpp:346:18:[m[K [01;35m[Kwarning: [m[Kunused variable â€˜[01m[Ktarget_points_size[m[Kâ€™ [[01;35m[K]8;;https://gcc.gnu.org/onlinedocs/gcc/Warning-Options.html#index-Wunused-variable-Wunused-variable]8;;[m[K]
[2.931s]   346 |     const size_t [01;35m[Ktarget_points_size[m[K = target_points.size();
[2.931s]       |                  [01;35m[K^~~~~~~~~~~~~~~~~~[m[K
[2.959s] [01m[K/home/robohan/Gakurobo2025/ndt_cpp_ros2/src/ndt_cpp_ros2.cpp:[m[K At global scope:
[2.959s] [01m[K/home/robohan/Gakurobo2025/ndt_cpp_ros2/src/ndt_cpp_ros2.cpp:465:22:[m[K [01;31m[Kerror: [m[Kâ€˜[01m[Kstd::make_unique[m[Kâ€™ in namespace â€˜[01m[Kstd[m[Kâ€™ does not name a template type
[2.959s]   465 |                 std::[01;31m[Kmake_unique<tf2_ros::Buffer>[m[K tfBuffer_;
[2.960s]       |                      [01;31m[K^~~~~~~~~~~~~~~~~~~~~~~~~~~~[m[K
[2.971s] [01m[K/home/robohan/Gakurobo2025/ndt_cpp_ros2/src/ndt_cpp_ros2.cpp:[m[K In constructor â€˜[01m[Kndt_cpp_ros2::[01;32m[Kndt_cpp_ros2[m[K()[m[Kâ€™:
[2.971s] [01m[K/home/robohan/Gakurobo2025/ndt_cpp_ros2/src/ndt_cpp_ros2.cpp:446:33:[m[K [01;31m[Kerror: [m[Kâ€˜[01m[KtfBuffer_[m[Kâ€™ was not declared in this scope
[2.971s]   446 |                                 [01;31m[KtfBuffer_[m[K = std::make_unique<tf2_ros::Buffer>(this->get_clock());
[2.971s]       |                                 [01;31m[K^~~~~~~~~[m[K
[2.989s] [01m[K/home/robohan/Gakurobo2025/ndt_cpp_ros2/src/ndt_cpp_ros2.cpp:[m[K In member function â€˜[01m[Kvoid ndt_cpp_ros2::[01;32m[Ktimer_callback[m[K()[m[Kâ€™:
[2.989s] [01m[K/home/robohan/Gakurobo2025/ndt_cpp_ros2/src/ndt_cpp_ros2.cpp:484:53:[m[K [01;31m[Kerror: [m[Kâ€˜[01m[Ktf_buffer_[m[Kâ€™ was not declared in this scope
[2.990s]   484 |                                         mapToBase = [01;31m[Ktf_buffer_[m[K->lookupTransform(
[2.990s]       |                                                     [01;31m[K^~~~~~~~~~[m[K
[2.994s] In file included from [01m[K/opt/ros/jazzy/include/rclcpp/rclcpp/logging.hpp:24[m[K,
[2.994s]                  from [01m[K/opt/ros/jazzy/include/rclcpp/rclcpp/copy_all_parameter_values.hpp:27[m[K,
[2.995s]                  from [01m[K/opt/ros/jazzy/include/rclcpp/rclcpp/rclcpp.hpp:171[m[K,
[2.995s]                  from [01m[K/home/robohan/Gakurobo2025/ndt_cpp_ros2/src/ndt_cpp_ros2.cpp:23[m[K:
[2.995s] [01m[K/home/robohan/Gakurobo2025/ndt_cpp_ros2/src/ndt_cpp_ros2.cpp:490:49:[m[K [01;31m[Kerror: [m[Kâ€˜[01m[KtoFrameRel[m[Kâ€™ was not declared in this scope; did you mean â€˜[01m[KodomFrameRel[m[Kâ€™?
[2.995s]   490 |                                                 [01;31m[KtoFrameRel[m[K.c_str(), fromFrameRel.c_str(), ex.what());
[2.995s]       |                                                 [01;31m[K^~~~~~~~~~[m[K
[2.999s] [01m[K/home/robohan/Gakurobo2025/ndt_cpp_ros2/src/ndt_cpp_ros2.cpp:490:69:[m[K [01;31m[Kerror: [m[Kâ€˜[01m[KfromFrameRel[m[Kâ€™ was not declared in this scope; did you mean â€˜[01m[KodomFrameRel[m[Kâ€™?
[2.999s]   490 |                                                 toFrameRel.c_str(), [01;31m[KfromFrameRel[m[K.c_str(), ex.what());
[2.999s]       |                                                                     [01;31m[K^~~~~~~~~~~~[m[K
[3.002s] [01m[K/home/robohan/Gakurobo2025/ndt_cpp_ros2/src/ndt_cpp_ros2.cpp:495:52:[m[K [01;31m[Kerror: [m[Kâ€˜[01m[Kt[m[Kâ€™ was not declared in this scope; did you mean â€˜[01m[Ktm[m[Kâ€™?
[3.003s]   495 |         auto trans_mat1 = makeTransformationMatrix([01;31m[Kt[m[K.transform.translation.x, t.transform.translation.y, t.transform.rotation.z);
[3.003s]       |                                                    [01;31m[K^[m[K
[3.003s]       |                                                    [32m[Ktm[m[K
[3.008s] [01m[K/home/robohan/Gakurobo2025/ndt_cpp_ros2/src/ndt_cpp_ros2.cpp:516:54:[m[K [01;31m[Kerror: [m[Kâ€˜[01m[Ktf_buffer_[m[Kâ€™ was not declared in this scope
[3.008s]   516 |                                         odomToBase = [01;31m[Ktf_buffer_[m[K->lookupTransform(
[3.008s]       |                                                      [01;31m[K^~~~~~~~~~[m[K
[3.012s] [01m[K/home/robohan/Gakurobo2025/ndt_cpp_ros2/src/ndt_cpp_ros2.cpp:522:49:[m[K [01;31m[Kerror: [m[Kâ€˜[01m[KtoFrameRel[m[Kâ€™ was not declared in this scope; did you mean â€˜[01m[KodomFrameRel[m[Kâ€™?
[3.012s]   522 |                                                 [01;31m[KtoFrameRel[m[K.c_str(), fromFrameRel.c_str(), ex.what());
[3.012s]       |                                                 [01;31m[K^~~~~~~~~~[m[K
[3.017s] [01m[K/home/robohan/Gakurobo2025/ndt_cpp_ros2/src/ndt_cpp_ros2.cpp:522:69:[m[K [01;31m[Kerror: [m[Kâ€˜[01m[KfromFrameRel[m[Kâ€™ was not declared in this scope; did you mean â€˜[01m[KodomFrameRel[m[Kâ€™?
[3.017s]   522 |                                                 toFrameRel.c_str(), [01;31m[KfromFrameRel[m[K.c_str(), ex.what());
[3.017s]       |                                                                     [01;31m[K^~~~~~~~~~~~[m[K
[5.037s] gmake[2]: *** [CMakeFiles/ndt_cpp_ros2.dir/build.make:76: CMakeFiles/ndt_cpp_ros2.dir/src/ndt_cpp_ros2.cpp.o] Error 1
[5.037s] gmake[1]: *** [CMakeFiles/Makefile2:137: CMakeFiles/ndt_cpp_ros2.dir/all] Error 2
[5.037s] gmake: *** [Makefile:146: all] Error 2
[5.049s] Invoked command in '/home/robohan/Gakurobo2025/ndt_cpp_ros2/build/ndt_cpp_ros2' returned '2': CMAKE_PREFIX_PATH=${CMAKE_PREFIX_PATH}:/opt/ros/jazzy DEBUGINFOD_URLS=https://debuginfod.ubuntu.com /home/robohan/.local/bin/cmake --build /home/robohan/Gakurobo2025/ndt_cpp_ros2/build/ndt_cpp_ros2 -- -j12 -l12
