[0.008s] Invoking command in '/home/robohan/Gakurobo2025/ndt_cpp_ros2/build/ndt_cpp_ros2': CMAKE_PREFIX_PATH=${CMAKE_PREFIX_PATH}:/home/robohan/Gakurobo2025/Gakurobo2025_ROS2/install/cxd5602pwbimu_driver_bringup:/opt/ros/jazzy DEBUGINFOD_URLS=https://debuginfod.ubuntu.com /home/robohan/.local/bin/cmake --build /home/robohan/Gakurobo2025/ndt_cpp_ros2/build/ndt_cpp_ros2 -- -j12 -l12
[0.119s] [ 50%] [32mBuilding CXX object CMakeFiles/ndt_cpp_ros2.dir/src/ndt_cpp_ros2.cpp.o[0m
[1.676s] [01m[K/home/robohan/Gakurobo2025/ndt_cpp_ros2/src/ndt_cpp_ros2.cpp:[m[K In function â€˜[01m[Kvoid[01;32m[K ndt_scan_matching[m[K(mat3x3&, const std::vector<point2>&, std::vector<ndtpoint2>&)[m[Kâ€™:
[1.677s] [01m[K/home/robohan/Gakurobo2025/ndt_cpp_ros2/src/ndt_cpp_ros2.cpp:370:45:[m[K [01;35m[Kwarning: [m[Kcomparison of integer expressions of different signedness: â€˜[01m[Kint[m[Kâ€™ and â€˜[01m[Kconst size_t[m[Kâ€™ {aka â€˜[01m[Kconst long unsigned int[m[Kâ€™} [[01;35m[K]8;;https://gcc.gnu.org/onlinedocs/gcc/Warning-Options.html#index-Wsign-compare-Wsign-compare]8;;[m[K]
[1.677s]   370 |         for(auto point_iter = 0; [01;35m[Kpoint_iter < source_points_size[m[K; point_iter += 10){
[1.677s]       |                                  [01;35m[K~~~~~~~~~~~^~~~~~~~~~~~~~~~~~~~[m[K
[1.677s] [01m[K/home/robohan/Gakurobo2025/ndt_cpp_ros2/src/ndt_cpp_ros2.cpp:355:18:[m[K [01;35m[Kwarning: [m[Kunused variable â€˜[01m[Ktarget_points_size[m[Kâ€™ [[01;35m[K]8;;https://gcc.gnu.org/onlinedocs/gcc/Warning-Options.html#index-Wunused-variable-Wunused-variable]8;;[m[K]
[1.677s]   355 |     const size_t [01;35m[Ktarget_points_size[m[K = target_points.size();
[1.677s]       |                  [01;35m[K^~~~~~~~~~~~~~~~~~[m[K
[1.716s] [01m[K/home/robohan/Gakurobo2025/ndt_cpp_ros2/src/ndt_cpp_ros2.cpp:[m[K At global scope:
[1.716s] [01m[K/home/robohan/Gakurobo2025/ndt_cpp_ros2/src/ndt_cpp_ros2.cpp:494:35:[m[K [01;31m[Kerror: [m[Kâ€˜[01m[KPointCloud[m[Kâ€™ in namespace â€˜[01m[Ksensor_msgs::msg[m[Kâ€™ does not name a type
[1.716s]   494 |                 sensor_msgs::msg::[01;31m[KPointCloud[m[K point_cloud;
[1.716s]       |                                   [01;31m[K^~~~~~~~~~[m[K
[1.716s] [01m[K/home/robohan/Gakurobo2025/ndt_cpp_ros2/src/ndt_cpp_ros2.cpp:495:53:[m[K [01;31m[Kerror: [m[Kâ€˜[01m[KPointCloud[m[Kâ€™ is not a member of â€˜[01m[Ksensor_msgs::msg[m[Kâ€™
[1.716s]   495 |                 rclcpp::Publisher<sensor_msgs::msg::[01;31m[KPointCloud[m[K>::SharedPtr point_cloud_pub_;
[1.716s]       |                                                     [01;31m[K^~~~~~~~~~[m[K
[1.716s] [01m[K/home/robohan/Gakurobo2025/ndt_cpp_ros2/src/ndt_cpp_ros2.cpp:495:63:[m[K [01;31m[Kerror: [m[Ktemplate argument 1 is invalid
[1.716s]   495 |                 rclcpp::Publisher<sensor_msgs::msg::PointCloud[01;31m[K>[m[K::SharedPtr point_cloud_pub_;
[1.717s]       |                                                               [01;31m[K^[m[K
[1.717s] [01m[K/home/robohan/Gakurobo2025/ndt_cpp_ros2/src/ndt_cpp_ros2.cpp:495:66:[m[K [01;31m[Kerror: [m[Kexpected â€˜[01m[K;[m[Kâ€™ at end of member declaration
[1.717s]   495 |                 rclcpp::Publisher<sensor_msgs::msg::PointCloud>::[01;31m[KSharedPtr[m[K point_cloud_pub_;
[1.717s]       |                                                                  [01;31m[K^~~~~~~~~[m[K
[1.717s]       |                                                                           [32m[K;[m[K
[1.719s] [01m[K/home/robohan/Gakurobo2025/ndt_cpp_ros2/src/ndt_cpp_ros2.cpp:495:76:[m[K [01;31m[Kerror: [m[Kâ€˜[01m[Kpoint_cloud_pub_[m[Kâ€™ does not name a type
[1.719s]   495 |                 rclcpp::Publisher<sensor_msgs::msg::PointCloud>::SharedPtr [01;31m[Kpoint_cloud_pub_[m[K;
[1.719s]       |                                                                            [01;31m[K^~~~~~~~~~~~~~~~[m[K
[1.743s] [01m[K/home/robohan/Gakurobo2025/ndt_cpp_ros2/src/ndt_cpp_ros2.cpp:[m[K In constructor â€˜[01m[Kndt_cpp_ros2::[01;32m[Kndt_cpp_ros2[m[K()[m[Kâ€™:
[1.743s] [01m[K/home/robohan/Gakurobo2025/ndt_cpp_ros2/src/ndt_cpp_ros2.cpp:470:33:[m[K [01;31m[Kerror: [m[Kâ€˜[01m[Kpoint_cloud_pub_[m[Kâ€™ was not declared in this scope
[1.743s]   470 |                                 [01;31m[Kpoint_cloud_pub_[m[K = this->create_publisher<sensor_msgs::msg::PointCloud>("output/point_cloud", 10);
[1.743s]       |                                 [01;31m[K^~~~~~~~~~~~~~~~[m[K
[1.743s] [01m[K/home/robohan/Gakurobo2025/ndt_cpp_ros2/src/ndt_cpp_ros2.cpp:470:93:[m[K [01;31m[Kerror: [m[Kâ€˜[01m[KPointCloud[m[Kâ€™ is not a member of â€˜[01m[Ksensor_msgs::msg[m[Kâ€™
[1.744s]   470 |                                 point_cloud_pub_ = this->create_publisher<sensor_msgs::msg::[01;31m[KPointCloud[m[K>("output/point_cloud", 10);
[1.744s]       |                                                                                             [01;31m[K^~~~~~~~~~[m[K
[1.744s] [01m[K/home/robohan/Gakurobo2025/ndt_cpp_ros2/src/ndt_cpp_ros2.cpp:470:104:[m[K [01;31m[Kerror: [m[Kno matching function for call to â€˜[01m[Kndt_cpp_ros2::create_publisher<<expression error> >(const char [19], int)[m[Kâ€™
[1.744s]   470 |                                 point_cloud_pub_ = [01;31m[Kthis->create_publisher<sensor_msgs::msg::PointCloud>("output/point_cloud", 10)[m[K;
[1.744s]       |                                                    [01;31m[K~~~~~~~~~~~~~~~~~~~~~~~~~~~~~~~~~~~~~~~~~~~~~~~~~~~~^~~~~~~~~~~~~~~~~~~~~~~~~~[m[K
[1.744s] In file included from [01m[K/opt/ros/jazzy/include/rclcpp/rclcpp/node.hpp:1663[m[K,
[1.744s]                  from [01m[K/opt/ros/jazzy/include/rclcpp/rclcpp/executors/single_threaded_executor.hpp:28[m[K,
[1.744s]                  from [01m[K/opt/ros/jazzy/include/rclcpp/rclcpp/executors.hpp:22[m[K,
[1.744s]                  from [01m[K/opt/ros/jazzy/include/rclcpp/rclcpp/rclcpp.hpp:172[m[K,
[1.744s]                  from [01m[K/home/robohan/Gakurobo2025/ndt_cpp_ros2/src/ndt_cpp_ros2.cpp:26[m[K:
[1.744s] [01m[K/opt/ros/jazzy/include/rclcpp/rclcpp/node_impl.hpp:73:1:[m[K [01;36m[Knote: [m[Kcandidate: â€˜[01m[Ktemplate<class MessageT, class AllocatorT, class PublisherT> std::shared_ptr<PublisherT> rclcpp::Node::[01;32m[Kcreate_publisher[m[K(const std::string&, const rclcpp::QoS&, const rclcpp::PublisherOptionsWithAllocator<AllocatorT>&)[m[Kâ€™
[1.744s]    73 | [01;36m[KNode[m[K::create_publisher(
[1.744s]       | [01;36m[K^~~~[m[K
[1.745s] [01m[K/opt/ros/jazzy/include/rclcpp/rclcpp/node_impl.hpp:73:1:[m[K [01;36m[Knote: [m[K  template argument deduction/substitution failed:
[1.745s] [01m[K/home/robohan/Gakurobo2025/ndt_cpp_ros2/src/ndt_cpp_ros2.cpp:470:104:[m[K [01;31m[Kerror: [m[Ktemplate argument 1 is invalid
[1.745s]   470 |                                 point_cloud_pub_ = [01;31m[Kthis->create_publisher<sensor_msgs::msg::PointCloud>("output/point_cloud", 10)[m[K;
[1.745s]       |                                                    [01;31m[K~~~~~~~~~~~~~~~~~~~~~~~~~~~~~~~~~~~~~~~~~~~~~~~~~~~~^~~~~~~~~~~~~~~~~~~~~~~~~~[m[K
[1.749s] [01m[K/home/robohan/Gakurobo2025/ndt_cpp_ros2/src/ndt_cpp_ros2.cpp:471:33:[m[K [01;31m[Kerror: [m[Kâ€˜[01m[Kpoint_cloud[m[Kâ€™ was not declared in this scope
[1.749s]   471 |                                 [01;31m[Kpoint_cloud[m[K.header.frame_id = "laser";
[1.750s]       |                                 [01;31m[K^~~~~~~~~~~[m[K
[1.750s] In file included from [01m[K/opt/ros/jazzy/include/rclcpp/rclcpp/logging.hpp:24[m[K,
[1.750s]                  from [01m[K/home/robohan/Gakurobo2025/ndt_cpp_ros2/src/ndt_cpp_ros2.cpp:18[m[K:
[1.750s] [01m[K/home/robohan/Gakurobo2025/ndt_cpp_ros2/src/ndt_cpp_ros2.cpp:478:64:[m[K [01;35m[Kwarning: [m[KISO C++11 does not support the â€˜[01m[K%b[m[Kâ€™ gnu_printf format [[01;35m[K]8;;https://gcc.gnu.org/onlinedocs/gcc/Warning-Options.html#index-Wformat=-Wformat=]8;;[m[K]
[1.750s]   478 |                                 RCLCPP_INFO(this->get_logger(),[01;35m[K"[param]reverse_scan: %b"[m[K,this->get_parameter("reverse_scan").as_bool());
[1.750s]       |                                                                [01;35m[K^~~~~~~~~~~~~~~~~~~~~~~~~[m[K
[1.750s] [01m[K/home/robohan/Gakurobo2025/ndt_cpp_ros2/src/ndt_cpp_ros2.cpp:478:87:[m[K [01;36m[Knote: [m[Kformat string is defined here
[1.750s]   478 |                                 RCLCPP_INFO(this->get_logger(),"[param]reverse_scan: %[01;36m[Kb[m[K",this->get_parameter("reverse_scan").as_bool());
[1.750s]       |                                                                                       [01;36m[K^[m[K
[1.761s] [01m[K/home/robohan/Gakurobo2025/ndt_cpp_ros2/src/ndt_cpp_ros2.cpp:[m[K In member function â€˜[01m[Kvoid ndt_cpp_ros2::[01;32m[Kscan_callback[m[K(sensor_msgs::msg::LaserScan_<std::allocator<void> >::SharedPtr)[m[Kâ€™:
[1.761s] [01m[K/home/robohan/Gakurobo2025/ndt_cpp_ros2/src/ndt_cpp_ros2.cpp:641:49:[m[K [01;31m[Kerror: [m[Kâ€˜[01m[Kpoint_cloud[m[Kâ€™ was not declared in this scope
[1.761s]   641 |                                                 [01;31m[Kpoint_cloud[m[K.points.push_back(point32);
[1.761s]       |                                                 [01;31m[K^~~~~~~~~~~[m[K
[1.768s] [01m[K/home/robohan/Gakurobo2025/ndt_cpp_ros2/src/ndt_cpp_ros2.cpp:[m[K In member function â€˜[01m[Kvoid ndt_cpp_ros2::[01;32m[Kmap_callback[m[K(nav_msgs::msg::OccupancyGrid_<std::allocator<void> >::SharedPtr)[m[Kâ€™:
[1.768s] [01m[K/home/robohan/Gakurobo2025/ndt_cpp_ros2/src/ndt_cpp_ros2.cpp:661:33:[m[K [01;31m[Kerror: [m[Kâ€˜[01m[Kpoint_cloud[m[Kâ€™ was not declared in this scope
[1.768s]   661 |                                 [01;31m[Kpoint_cloud[m[K.header.stamp = this->now();
[1.768s]       |                                 [01;31m[K^~~~~~~~~~~[m[K
[1.775s] [01m[K/home/robohan/Gakurobo2025/ndt_cpp_ros2/src/ndt_cpp_ros2.cpp:662:33:[m[K [01;31m[Kerror: [m[Kâ€˜[01m[Kpoint_cloud_pub_[m[Kâ€™ was not declared in this scope
[1.775s]   662 |                                 [01;31m[Kpoint_cloud_pub_[m[K->publish(point_cloud);
[1.775s]       |                                 [01;31m[K^~~~~~~~~~~~~~~~[m[K
[3.850s] gmake[2]: *** [CMakeFiles/ndt_cpp_ros2.dir/build.make:76: CMakeFiles/ndt_cpp_ros2.dir/src/ndt_cpp_ros2.cpp.o] Error 1
[3.850s] gmake[1]: *** [CMakeFiles/Makefile2:137: CMakeFiles/ndt_cpp_ros2.dir/all] Error 2
[3.850s] gmake: *** [Makefile:146: all] Error 2
[3.861s] Invoked command in '/home/robohan/Gakurobo2025/ndt_cpp_ros2/build/ndt_cpp_ros2' returned '2': CMAKE_PREFIX_PATH=${CMAKE_PREFIX_PATH}:/home/robohan/Gakurobo2025/Gakurobo2025_ROS2/install/cxd5602pwbimu_driver_bringup:/opt/ros/jazzy DEBUGINFOD_URLS=https://debuginfod.ubuntu.com /home/robohan/.local/bin/cmake --build /home/robohan/Gakurobo2025/ndt_cpp_ros2/build/ndt_cpp_ros2 -- -j12 -l12
